2022-05-07 23:18:13,876 - INFO - views - views.py - NewsUpdateView
2022-05-07 23:18:13,877 - INFO - views - views.py - NewsDeleteView
2022-05-07 23:18:13,877 - INFO - views - views.py - NewDetailView
2022-05-07 23:18:13,877 - INFO - views - views.py - RegisterUser
2022-05-07 23:18:13,877 - INFO - views - views.py - LoginUser
2022-05-07 23:18:14,891 - INFO - views - views.py - index
2022-05-07 23:18:18,578 - INFO - views - views.py - index
2022-05-07 23:18:20,016 - INFO - views - views.py - about
2022-05-07 23:18:20,400 - INFO - views - views.py - news_home
2022-05-07 23:18:21,386 - INFO - views - views.py - show_category
2022-05-07 23:18:21,995 - INFO - views - views.py - show_category
2022-05-07 23:18:22,736 - INFO - views - views.py - show_category
2022-05-07 23:18:23,598 - INFO - views - views.py - show_category
2022-05-07 23:18:27,399 - INFO - views - views.py - authors_name
2022-05-07 23:18:29,487 - INFO - views - views.py - show_authors
2022-05-07 23:18:32,031 - INFO - views - views.py - show_authors
2022-05-07 23:18:35,122 - INFO - views - views.py - create
2022-05-07 23:18:37,085 - INFO - views - views.py - authors_name
2022-05-07 23:18:38,032 - INFO - views - views.py - show_authors
2022-05-07 23:18:39,372 - INFO - views - views.py - index
2022-05-08 13:02:02,531 - INFO - views - views.py - NewsUpdateView
2022-05-08 13:02:02,546 - INFO - views - views.py - NewsDeleteView
2022-05-08 13:02:02,547 - INFO - views - views.py - NewDetailView
2022-05-08 13:02:02,547 - INFO - views - views.py - RegisterUser
2022-05-08 13:02:02,547 - INFO - views - views.py - LoginUser
2022-05-08 13:02:04,029 - INFO - views - views.py - index
2022-05-08 13:02:13,069 - INFO - views - views.py - about
2022-05-08 13:02:14,131 - INFO - views - views.py - news_home
2022-05-08 13:02:25,525 - INFO - views - views.py - logout_user
2022-05-08 13:02:27,703 - INFO - views - views.py - index
2022-05-08 13:02:29,657 - INFO - views - views.py - authors_name
2022-05-08 13:02:30,426 - INFO - views - views.py - show_authors
2022-05-08 13:03:16,809 - INFO - views - views.py - NewsUpdateView
2022-05-08 13:03:16,809 - INFO - views - views.py - NewsDeleteView
2022-05-08 13:03:16,810 - INFO - views - views.py - NewDetailView
2022-05-08 13:03:16,810 - INFO - views - views.py - RegisterUser
2022-05-08 13:03:16,810 - INFO - views - views.py - LoginUser
2022-05-08 19:45:09,573 - INFO - views - views.py - NewsUpdateView
2022-05-08 19:45:09,573 - INFO - views - views.py - NewsDeleteView
2022-05-08 19:45:09,574 - INFO - views - views.py - NewDetailView
2022-05-08 19:45:09,574 - INFO - views - views.py - RegisterUser
2022-05-08 19:45:09,575 - INFO - views - views.py - LoginUser
2022-05-08 19:46:36,877 - INFO - views - views.py - NewsUpdateView
2022-05-08 19:46:36,878 - INFO - views - views.py - NewsDeleteView
2022-05-08 19:46:36,878 - INFO - views - views.py - NewDetailView
2022-05-08 19:46:36,879 - INFO - views - views.py - RegisterUser
2022-05-08 19:46:36,892 - INFO - views - views.py - LoginUser
2022-05-08 19:46:38,542 - INFO - views - views.py - index
2022-05-08 19:46:42,992 - INFO - views - views.py - logout_user
2022-05-08 19:46:48,285 - INFO - views - views.py - index
2022-05-08 19:46:51,690 - INFO - views - views.py - create
2022-05-08 19:47:26,818 - INFO - views - views.py - create
2022-05-08 19:47:26,855 - INFO - views - views.py - index
2022-05-08 19:47:36,609 - INFO - views - views.py - news_home
2022-05-08 22:26:40,277 - INFO - views - views.py - NewsUpdateView
2022-05-08 22:26:40,278 - INFO - views - views.py - NewsDeleteView
2022-05-08 22:26:40,278 - INFO - views - views.py - NewDetailView
2022-05-08 22:26:40,279 - INFO - views - views.py - RegisterUser
2022-05-08 22:26:40,279 - INFO - views - views.py - LoginUser
2022-05-08 22:32:41,644 - INFO - views - views.py - NewsUpdateView
2022-05-08 22:32:41,645 - INFO - views - views.py - NewsDeleteView
2022-05-08 22:32:41,645 - INFO - views - views.py - NewDetailView
2022-05-08 22:32:41,645 - INFO - views - views.py - RegisterUser
2022-05-08 22:32:41,645 - INFO - views - views.py - LoginUser
2022-05-08 22:53:13,638 - INFO - views - views.py - NewsUpdateView
2022-05-08 22:53:13,638 - INFO - views - views.py - NewsDeleteView
2022-05-08 22:53:13,639 - INFO - views - views.py - NewDetailView
2022-05-08 22:53:13,639 - INFO - views - views.py - RegisterUser
2022-05-08 22:53:13,640 - INFO - views - views.py - LoginUser
2022-05-08 22:53:15,098 - INFO - views - views.py - index
2022-05-08 22:53:16,864 - INFO - views - views.py - authors_name
2022-05-08 22:53:18,849 - INFO - views - views.py - show_authors
2022-05-08 22:53:24,322 - INFO - views - views.py - show_authors
2022-05-08 22:54:35,074 - INFO - views - views.py - NewsUpdateView
2022-05-08 22:54:35,074 - INFO - views - views.py - NewsDeleteView
2022-05-08 22:54:35,075 - INFO - views - views.py - NewDetailView
2022-05-08 22:54:35,075 - INFO - views - views.py - RegisterUser
2022-05-08 22:54:35,075 - INFO - views - views.py - LoginUser
2022-05-08 22:56:41,643 - INFO - views - views.py - NewsUpdateView
2022-05-08 22:56:41,644 - INFO - views - views.py - NewsDeleteView
2022-05-08 22:56:41,644 - INFO - views - views.py - NewDetailView
2022-05-08 22:56:41,644 - INFO - views - views.py - RegisterUser
2022-05-08 22:56:41,645 - INFO - views - views.py - LoginUser
2022-05-08 22:57:13,414 - INFO - views - views.py - NewsUpdateView
2022-05-08 22:57:13,414 - INFO - views - views.py - NewsDeleteView
2022-05-08 22:57:13,415 - INFO - views - views.py - NewDetailView
2022-05-08 22:57:13,415 - INFO - views - views.py - RegisterUser
2022-05-08 22:57:13,416 - INFO - views - views.py - LoginUser
2022-05-08 22:58:22,338 - INFO - views - views.py - NewsUpdateView
2022-05-08 22:58:22,338 - INFO - views - views.py - NewsDeleteView
2022-05-08 22:58:22,339 - INFO - views - views.py - NewDetailView
2022-05-08 22:58:22,339 - INFO - views - views.py - RegisterUser
2022-05-08 22:58:22,339 - INFO - views - views.py - LoginUser
2022-05-08 23:02:47,090 - INFO - views - views.py - NewsUpdateView
2022-05-08 23:02:47,091 - INFO - views - views.py - NewsDeleteView
2022-05-08 23:02:47,091 - INFO - views - views.py - NewDetailView
2022-05-08 23:02:47,091 - INFO - views - views.py - RegisterUser
2022-05-08 23:02:47,092 - INFO - views - views.py - LoginUser
2022-05-08 23:09:46,383 - INFO - views - views.py - NewsUpdateView
2022-05-08 23:09:46,383 - INFO - views - views.py - NewsDeleteView
2022-05-08 23:09:46,384 - INFO - views - views.py - NewDetailView
2022-05-08 23:09:46,384 - INFO - views - views.py - RegisterUser
2022-05-08 23:09:46,384 - INFO - views - views.py - LoginUser
2022-05-08 23:13:55,294 - INFO - views - views.py - NewsUpdateView
2022-05-08 23:13:55,294 - INFO - views - views.py - NewsDeleteView
2022-05-08 23:13:55,294 - INFO - views - views.py - NewDetailView
2022-05-08 23:13:55,295 - INFO - views - views.py - RegisterUser
2022-05-08 23:13:55,295 - INFO - views - views.py - LoginUser
2022-05-08 23:15:14,255 - INFO - views - views.py - NewsUpdateView
2022-05-08 23:15:14,256 - INFO - views - views.py - NewsDeleteView
2022-05-08 23:15:14,256 - INFO - views - views.py - NewDetailView
2022-05-08 23:15:14,257 - INFO - views - views.py - RegisterUser
2022-05-08 23:15:14,257 - INFO - views - views.py - LoginUser
2022-05-08 23:15:27,919 - INFO - views - views.py - NewsUpdateView
2022-05-08 23:15:27,920 - INFO - views - views.py - NewsDeleteView
2022-05-08 23:15:27,920 - INFO - views - views.py - NewDetailView
2022-05-08 23:15:27,920 - INFO - views - views.py - RegisterUser
2022-05-08 23:15:27,921 - INFO - views - views.py - LoginUser
2022-05-09 12:30:18,769 - INFO - views - views.py - NewsUpdateView
2022-05-09 12:30:18,769 - INFO - views - views.py - NewsDeleteView
2022-05-09 12:30:18,770 - INFO - views - views.py - NewDetailView
2022-05-09 12:30:18,770 - INFO - views - views.py - RegisterUser
2022-05-09 12:30:18,770 - INFO - views - views.py - LoginUser
2022-05-09 12:36:08,805 - INFO - views - views.py - NewsUpdateView
2022-05-09 12:36:08,806 - INFO - views - views.py - NewsDeleteView
2022-05-09 12:36:08,806 - INFO - views - views.py - NewDetailView
2022-05-09 12:36:08,806 - INFO - views - views.py - RegisterUser
2022-05-09 12:36:08,807 - INFO - views - views.py - LoginUser
2022-05-09 12:36:37,011 - INFO - views - views.py - NewsUpdateView
2022-05-09 12:36:37,011 - INFO - views - views.py - NewsDeleteView
2022-05-09 12:36:37,012 - INFO - views - views.py - NewDetailView
2022-05-09 12:36:37,012 - INFO - views - views.py - RegisterUser
2022-05-09 12:36:37,012 - INFO - views - views.py - LoginUser
2022-05-09 12:37:10,696 - INFO - views - views.py - NewsUpdateView
2022-05-09 12:37:10,697 - INFO - views - views.py - NewsDeleteView
2022-05-09 12:37:10,697 - INFO - views - views.py - NewDetailView
2022-05-09 12:37:10,697 - INFO - views - views.py - RegisterUser
2022-05-09 12:37:10,698 - INFO - views - views.py - LoginUser
2022-05-09 12:38:02,949 - INFO - views - views.py - NewsUpdateView
2022-05-09 12:38:02,949 - INFO - views - views.py - NewsDeleteView
2022-05-09 12:38:02,950 - INFO - views - views.py - NewDetailView
2022-05-09 12:38:02,950 - INFO - views - views.py - RegisterUser
2022-05-09 12:38:02,950 - INFO - views - views.py - LoginUser
2022-05-09 13:01:23,201 - INFO - views - views.py - NewsUpdateView
2022-05-09 13:01:23,202 - INFO - views - views.py - NewsDeleteView
2022-05-09 13:01:23,202 - INFO - views - views.py - NewDetailView
2022-05-09 13:01:23,203 - INFO - views - views.py - RegisterUser
2022-05-09 13:01:23,203 - INFO - views - views.py - LoginUser
2022-05-09 13:01:24,654 - INFO - views - views.py - index
2022-05-09 13:01:28,556 - INFO - views - views.py - authors_name
2022-05-09 13:01:32,686 - INFO - views - views.py - show_authors
2022-05-09 13:02:08,063 - INFO - views - views.py - NewsUpdateView
2022-05-09 13:02:08,063 - INFO - views - views.py - NewsDeleteView
2022-05-09 13:02:08,064 - INFO - views - views.py - NewDetailView
2022-05-09 13:02:08,064 - INFO - views - views.py - RegisterUser
2022-05-09 13:02:08,064 - INFO - views - views.py - LoginUser
2022-05-09 13:02:11,829 - INFO - views - views.py - NewsUpdateView
2022-05-09 13:02:11,829 - INFO - views - views.py - NewsDeleteView
2022-05-09 13:02:11,830 - INFO - views - views.py - NewDetailView
2022-05-09 13:02:11,830 - INFO - views - views.py - RegisterUser
2022-05-09 13:02:11,831 - INFO - views - views.py - LoginUser
2022-05-09 13:02:11,853 - INFO - views - views.py - authors_name
2022-05-09 13:03:32,988 - INFO - views - views.py - NewsUpdateView
2022-05-09 13:03:32,989 - INFO - views - views.py - NewsDeleteView
2022-05-09 13:03:32,989 - INFO - views - views.py - NewDetailView
2022-05-09 13:03:32,990 - INFO - views - views.py - RegisterUser
2022-05-09 13:03:32,990 - INFO - views - views.py - LoginUser
2022-05-09 13:03:33,016 - INFO - views - views.py - authors_name
2022-05-09 13:03:47,943 - INFO - views - views.py - NewsUpdateView
2022-05-09 13:03:47,944 - INFO - views - views.py - NewsDeleteView
2022-05-09 13:03:47,944 - INFO - views - views.py - NewDetailView
2022-05-09 13:03:47,945 - INFO - views - views.py - RegisterUser
2022-05-09 13:03:47,945 - INFO - views - views.py - LoginUser
2022-05-09 13:03:47,973 - INFO - views - views.py - authors_name
2022-05-09 13:03:47,990 - INFO - views - views.py - authors_name
2022-05-09 13:07:17,330 - INFO - views - views.py - NewsUpdateView
2022-05-09 13:07:17,330 - INFO - views - views.py - NewsDeleteView
2022-05-09 13:07:17,330 - INFO - views - views.py - NewDetailView
2022-05-09 13:07:17,331 - INFO - views - views.py - RegisterUser
2022-05-09 13:07:17,331 - INFO - views - views.py - LoginUser
2022-05-09 13:07:17,358 - INFO - views - views.py - authors_name
2022-05-09 13:07:17,375 - INFO - views - views.py - authors_name
2022-05-09 13:07:17,378 - INFO - views - views.py - authors_name
2022-05-09 13:08:21,123 - INFO - views - views.py - NewsUpdateView
2022-05-09 13:08:21,124 - INFO - views - views.py - NewsDeleteView
2022-05-09 13:08:21,124 - INFO - views - views.py - NewDetailView
2022-05-09 13:08:21,125 - INFO - views - views.py - RegisterUser
2022-05-09 13:08:21,125 - INFO - views - views.py - LoginUser
2022-05-09 13:08:21,150 - INFO - views - views.py - authors_name
2022-05-09 13:08:21,165 - INFO - views - views.py - authors_name
2022-05-09 13:08:21,168 - INFO - views - views.py - authors_name
2022-05-09 13:08:21,171 - INFO - views - views.py - authors_name
2022-05-09 13:08:37,458 - INFO - views - views.py - NewsUpdateView
2022-05-09 13:08:37,459 - INFO - views - views.py - NewsDeleteView
2022-05-09 13:08:37,459 - INFO - views - views.py - NewDetailView
2022-05-09 13:08:37,459 - INFO - views - views.py - RegisterUser
2022-05-09 13:08:37,459 - INFO - views - views.py - LoginUser
2022-05-09 13:08:37,489 - INFO - views - views.py - authors_name
2022-05-09 13:08:37,506 - INFO - views - views.py - authors_name
2022-05-09 13:08:37,509 - INFO - views - views.py - authors_name
2022-05-09 13:08:37,512 - INFO - views - views.py - authors_name
2022-05-09 13:18:08,826 - INFO - views - views.py - NewsUpdateView
2022-05-09 13:18:08,826 - INFO - views - views.py - NewsDeleteView
2022-05-09 13:18:08,827 - INFO - views - views.py - NewDetailView
2022-05-09 13:18:08,827 - INFO - views - views.py - RegisterUser
2022-05-09 13:18:08,827 - INFO - views - views.py - LoginUser
2022-05-09 13:18:08,853 - INFO - views - views.py - authors_name
2022-05-09 13:18:08,870 - INFO - views - views.py - authors_name
2022-05-09 13:18:08,873 - INFO - views - views.py - authors_name
2022-05-09 13:18:08,875 - INFO - views - views.py - authors_name
2022-05-09 13:20:58,375 - INFO - views - views.py - NewsUpdateView
2022-05-09 13:20:58,375 - INFO - views - views.py - NewsDeleteView
2022-05-09 13:20:58,376 - INFO - views - views.py - NewDetailView
2022-05-09 13:20:58,376 - INFO - views - views.py - RegisterUser
2022-05-09 13:20:58,377 - INFO - views - views.py - LoginUser
2022-05-09 13:20:58,412 - INFO - views - views.py - authors_name
2022-05-09 13:20:58,429 - INFO - views - views.py - authors_name
2022-05-09 13:20:58,433 - INFO - views - views.py - authors_name
2022-05-09 13:21:19,935 - INFO - views - views.py - NewsUpdateView
2022-05-09 13:21:19,936 - INFO - views - views.py - NewsDeleteView
2022-05-09 13:21:19,937 - INFO - views - views.py - NewDetailView
2022-05-09 13:21:19,937 - INFO - views - views.py - RegisterUser
2022-05-09 13:21:19,938 - INFO - views - views.py - LoginUser
2022-05-09 13:21:19,965 - INFO - views - views.py - authors_name
2022-05-09 13:21:19,981 - INFO - views - views.py - authors_name
2022-05-09 13:21:19,984 - INFO - views - views.py - authors_name
2022-05-09 13:21:36,102 - INFO - views - views.py - NewsUpdateView
2022-05-09 13:21:36,103 - INFO - views - views.py - NewsDeleteView
2022-05-09 13:21:36,103 - INFO - views - views.py - NewDetailView
2022-05-09 13:21:36,104 - INFO - views - views.py - RegisterUser
2022-05-09 13:21:36,104 - INFO - views - views.py - LoginUser
2022-05-09 13:21:36,128 - INFO - views - views.py - authors_name
2022-05-09 13:21:36,140 - INFO - views - views.py - authors_name
2022-05-09 13:21:36,143 - INFO - views - views.py - authors_name
2022-05-09 13:21:50,413 - INFO - views - views.py - NewsUpdateView
2022-05-09 13:21:50,413 - INFO - views - views.py - NewsDeleteView
2022-05-09 13:21:50,414 - INFO - views - views.py - NewDetailView
2022-05-09 13:21:50,414 - INFO - views - views.py - RegisterUser
2022-05-09 13:21:50,414 - INFO - views - views.py - LoginUser
2022-05-09 13:21:50,444 - INFO - views - views.py - authors_name
2022-05-09 13:21:50,462 - INFO - views - views.py - authors_name
2022-05-09 13:21:50,467 - INFO - views - views.py - authors_name
2022-05-09 13:32:54,591 - INFO - views - views.py - NewsUpdateView
2022-05-09 13:32:54,592 - INFO - views - views.py - NewsDeleteView
2022-05-09 13:32:54,592 - INFO - views - views.py - NewDetailView
2022-05-09 13:32:54,593 - INFO - views - views.py - RegisterUser
2022-05-09 13:32:54,593 - INFO - views - views.py - LoginUser
2022-05-09 13:32:54,620 - INFO - views - views.py - authors_name
2022-05-09 13:32:54,634 - INFO - views - views.py - authors_name
2022-05-09 13:32:54,638 - INFO - views - views.py - authors_name
2022-05-09 13:33:10,463 - INFO - views - views.py - NewsUpdateView
2022-05-09 13:33:10,464 - INFO - views - views.py - NewsDeleteView
2022-05-09 13:33:10,464 - INFO - views - views.py - NewDetailView
2022-05-09 13:33:10,465 - INFO - views - views.py - RegisterUser
2022-05-09 13:33:10,465 - INFO - views - views.py - LoginUser
2022-05-09 13:33:12,701 - INFO - views - views.py - index
2022-05-09 13:33:24,451 - INFO - views - views.py - NewsUpdateView
2022-05-09 13:33:24,451 - INFO - views - views.py - NewsDeleteView
2022-05-09 13:33:24,451 - INFO - views - views.py - NewDetailView
2022-05-09 13:33:24,452 - INFO - views - views.py - RegisterUser
2022-05-09 13:33:24,452 - INFO - views - views.py - LoginUser
2022-05-09 13:33:28,476 - INFO - views - views.py - NewsUpdateView
2022-05-09 13:33:28,477 - INFO - views - views.py - NewsDeleteView
2022-05-09 13:33:28,477 - INFO - views - views.py - NewDetailView
2022-05-09 13:33:28,478 - INFO - views - views.py - RegisterUser
2022-05-09 13:33:28,478 - INFO - views - views.py - LoginUser
2022-05-09 13:33:28,509 - INFO - views - views.py - authors_name
2022-05-09 13:33:28,529 - INFO - views - views.py - authors_name
2022-05-09 13:33:28,535 - INFO - views - views.py - authors_name
2022-05-09 13:33:50,466 - INFO - views - views.py - NewsUpdateView
2022-05-09 13:33:50,467 - INFO - views - views.py - NewsDeleteView
2022-05-09 13:33:50,467 - INFO - views - views.py - NewDetailView
2022-05-09 13:33:50,467 - INFO - views - views.py - RegisterUser
2022-05-09 13:33:50,467 - INFO - views - views.py - LoginUser
2022-05-09 13:33:50,491 - INFO - views - views.py - authors_name
2022-05-09 13:33:50,506 - INFO - views - views.py - authors_name
2022-05-09 13:33:50,509 - INFO - views - views.py - authors_name
2022-05-09 19:26:48,983 - INFO - views - views.py - NewsUpdateView
2022-05-09 19:26:48,984 - INFO - views - views.py - NewsDeleteView
2022-05-09 19:26:48,984 - INFO - views - views.py - NewDetailView
2022-05-09 19:26:48,985 - INFO - views - views.py - RegisterUser
2022-05-09 19:26:48,985 - INFO - views - views.py - LoginUser
2022-05-09 19:26:49,015 - INFO - views - views.py - authors_name
2022-05-09 19:26:49,033 - INFO - views - views.py - authors_name
2022-05-09 19:26:49,037 - INFO - views - views.py - authors_name
